The system is: Linux - 5.11.16-1-MANJARO-ARM - aarch64
Compiling the C compiler identification source file "CMakeCCompilerId.c" succeeded.
Compiler: /usr/bin/cc 
Build flags: 
Id flags:  

The output was:
0


Compilation of the C compiler identification source "CMakeCCompilerId.c" produced "a.out"

The C compiler identification is GNU, found in "/home/sylvain/Documents/Kompass/build/CMakeFiles/3.20.1/CompilerIdC/a.out"

Compiling the CXX compiler identification source file "CMakeCXXCompilerId.cpp" succeeded.
Compiler: /usr/bin/c++ 
Build flags: 
Id flags:  

The output was:
0


Compilation of the CXX compiler identification source "CMakeCXXCompilerId.cpp" produced "a.out"

The CXX compiler identification is GNU, found in "/home/sylvain/Documents/Kompass/build/CMakeFiles/3.20.1/CompilerIdCXX/a.out"

Detecting C compiler ABI info compiled with the following output:
Change Dir: /home/sylvain/Documents/Kompass/build/CMakeFiles/CMakeTmp

Run Build Command(s):/usr/bin/make -f Makefile cmTC_a741f/fast && /usr/bin/make  -f CMakeFiles/cmTC_a741f.dir/build.make CMakeFiles/cmTC_a741f.dir/build
make[1]: Entering directory '/home/sylvain/Documents/Kompass/build/CMakeFiles/CMakeTmp'
Building C object CMakeFiles/cmTC_a741f.dir/CMakeCCompilerABI.c.o
/usr/bin/cc   -v -o CMakeFiles/cmTC_a741f.dir/CMakeCCompilerABI.c.o -c /usr/share/cmake-3.20/Modules/CMakeCCompilerABI.c
Using built-in specs.
COLLECT_GCC=/usr/bin/cc
Target: aarch64-unknown-linux-gnu
Configured with: /build/gcc/src/gcc/configure --prefix=/usr --libdir=/usr/lib --libexecdir=/usr/lib --mandir=/usr/share/man --infodir=/usr/share/info --with-bugurl=https://github.com/archlinuxarm/PKGBUILDs/issues --enable-languages=c,c++,fortran,go,lto,objc,obj-c++,d --with-isl --with-linker-hash-style=gnu --with-system-zlib --enable-__cxa_atexit --enable-checking=release --enable-clocale=gnu --enable-default-pie --enable-default-ssp --enable-gnu-indirect-function --enable-gnu-unique-object --enable-install-libiberty --enable-linker-build-id --enable-lto --enable-plugin --enable-shared --enable-threads=posix --disable-libssp --disable-libstdcxx-pch --disable-libunwind-exceptions --disable-multilib --disable-werror --host=aarch64-unknown-linux-gnu --build=aarch64-unknown-linux-gnu --with-arch=armv8-a --enable-fix-cortex-a53-835769 --enable-fix-cortex-a53-843419 gdc_include_dir=/usr/include/dlang/gdc
Thread model: posix
Supported LTO compression algorithms: zlib zstd
gcc version 10.2.0 (GCC) 
COLLECT_GCC_OPTIONS='-v' '-o' 'CMakeFiles/cmTC_a741f.dir/CMakeCCompilerABI.c.o' '-c' '-march=armv8-a' '-mlittle-endian' '-mabi=lp64'
 /usr/lib/gcc/aarch64-unknown-linux-gnu/10.2.0/cc1 -quiet -v /usr/share/cmake-3.20/Modules/CMakeCCompilerABI.c -quiet -dumpbase CMakeCCompilerABI.c -march=armv8-a -mlittle-endian -mabi=lp64 -auxbase-strip CMakeFiles/cmTC_a741f.dir/CMakeCCompilerABI.c.o -version -o /tmp/cckaGJZ5.s
GNU C17 (GCC) version 10.2.0 (aarch64-unknown-linux-gnu)
	compiled by GNU C version 10.2.0, GMP version 6.2.0, MPFR version 4.1.0, MPC version 1.1.0, isl version isl-0.21-GMP

warning: GMP header version 6.2.0 differs from library version 6.2.1.
warning: MPC header version 1.1.0 differs from library version 1.2.1.
GGC heuristics: --param ggc-min-expand=100 --param ggc-min-heapsize=131072
ignoring nonexistent directory "/usr/lib/gcc/aarch64-unknown-linux-gnu/10.2.0/../../../../aarch64-unknown-linux-gnu/include"
#include "..." search starts here:
#include <...> search starts here:
 /usr/lib/gcc/aarch64-unknown-linux-gnu/10.2.0/include
 /usr/local/include
 /usr/lib/gcc/aarch64-unknown-linux-gnu/10.2.0/include-fixed
 /usr/include
End of search list.
GNU C17 (GCC) version 10.2.0 (aarch64-unknown-linux-gnu)
	compiled by GNU C version 10.2.0, GMP version 6.2.0, MPFR version 4.1.0, MPC version 1.1.0, isl version isl-0.21-GMP

warning: GMP header version 6.2.0 differs from library version 6.2.1.
warning: MPC header version 1.1.0 differs from library version 1.2.1.
GGC heuristics: --param ggc-min-expand=100 --param ggc-min-heapsize=131072
Compiler executable checksum: 3b79235097644c6edcaa7cfc02b00d48
COLLECT_GCC_OPTIONS='-v' '-o' 'CMakeFiles/cmTC_a741f.dir/CMakeCCompilerABI.c.o' '-c' '-march=armv8-a' '-mlittle-endian' '-mabi=lp64'
 as -v -EL -march=armv8-a -mabi=lp64 -o CMakeFiles/cmTC_a741f.dir/CMakeCCompilerABI.c.o /tmp/cckaGJZ5.s
GNU assembler version 2.35 (aarch64-unknown-linux-gnu) using BFD version (GNU Binutils) 2.35
COMPILER_PATH=/usr/lib/gcc/aarch64-unknown-linux-gnu/10.2.0/:/usr/lib/gcc/aarch64-unknown-linux-gnu/10.2.0/:/usr/lib/gcc/aarch64-unknown-linux-gnu/:/usr/lib/gcc/aarch64-unknown-linux-gnu/10.2.0/:/usr/lib/gcc/aarch64-unknown-linux-gnu/
LIBRARY_PATH=/usr/lib/gcc/aarch64-unknown-linux-gnu/10.2.0/:/usr/lib/gcc/aarch64-unknown-linux-gnu/10.2.0/../../../../lib/:/lib/../lib/:/usr/lib/../lib/:/usr/lib/gcc/aarch64-unknown-linux-gnu/10.2.0/../../../:/lib/:/usr/lib/
COLLECT_GCC_OPTIONS='-v' '-o' 'CMakeFiles/cmTC_a741f.dir/CMakeCCompilerABI.c.o' '-c' '-march=armv8-a' '-mlittle-endian' '-mabi=lp64'
Linking C executable cmTC_a741f
/usr/bin/cmake -E cmake_link_script CMakeFiles/cmTC_a741f.dir/link.txt --verbose=1
/usr/bin/cc  -v -rdynamic CMakeFiles/cmTC_a741f.dir/CMakeCCompilerABI.c.o -o cmTC_a741f 
Using built-in specs.
COLLECT_GCC=/usr/bin/cc
COLLECT_LTO_WRAPPER=/usr/lib/gcc/aarch64-unknown-linux-gnu/10.2.0/lto-wrapper
Target: aarch64-unknown-linux-gnu
Configured with: /build/gcc/src/gcc/configure --prefix=/usr --libdir=/usr/lib --libexecdir=/usr/lib --mandir=/usr/share/man --infodir=/usr/share/info --with-bugurl=https://github.com/archlinuxarm/PKGBUILDs/issues --enable-languages=c,c++,fortran,go,lto,objc,obj-c++,d --with-isl --with-linker-hash-style=gnu --with-system-zlib --enable-__cxa_atexit --enable-checking=release --enable-clocale=gnu --enable-default-pie --enable-default-ssp --enable-gnu-indirect-function --enable-gnu-unique-object --enable-install-libiberty --enable-linker-build-id --enable-lto --enable-plugin --enable-shared --enable-threads=posix --disable-libssp --disable-libstdcxx-pch --disable-libunwind-exceptions --disable-multilib --disable-werror --host=aarch64-unknown-linux-gnu --build=aarch64-unknown-linux-gnu --with-arch=armv8-a --enable-fix-cortex-a53-835769 --enable-fix-cortex-a53-843419 gdc_include_dir=/usr/include/dlang/gdc
Thread model: posix
Supported LTO compression algorithms: zlib zstd
gcc version 10.2.0 (GCC) 
COMPILER_PATH=/usr/lib/gcc/aarch64-unknown-linux-gnu/10.2.0/:/usr/lib/gcc/aarch64-unknown-linux-gnu/10.2.0/:/usr/lib/gcc/aarch64-unknown-linux-gnu/:/usr/lib/gcc/aarch64-unknown-linux-gnu/10.2.0/:/usr/lib/gcc/aarch64-unknown-linux-gnu/
LIBRARY_PATH=/usr/lib/gcc/aarch64-unknown-linux-gnu/10.2.0/:/usr/lib/gcc/aarch64-unknown-linux-gnu/10.2.0/../../../../lib/:/lib/../lib/:/usr/lib/../lib/:/usr/lib/gcc/aarch64-unknown-linux-gnu/10.2.0/../../../:/lib/:/usr/lib/
COLLECT_GCC_OPTIONS='-v' '-rdynamic' '-o' 'cmTC_a741f' '-march=armv8-a' '-mlittle-endian' '-mabi=lp64'
 /usr/lib/gcc/aarch64-unknown-linux-gnu/10.2.0/collect2 -plugin /usr/lib/gcc/aarch64-unknown-linux-gnu/10.2.0/liblto_plugin.so -plugin-opt=/usr/lib/gcc/aarch64-unknown-linux-gnu/10.2.0/lto-wrapper -plugin-opt=-fresolution=/tmp/ccnnBXCw.res -plugin-opt=-pass-through=-lgcc -plugin-opt=-pass-through=-lgcc_s -plugin-opt=-pass-through=-lc -plugin-opt=-pass-through=-lgcc -plugin-opt=-pass-through=-lgcc_s --build-id --eh-frame-hdr --hash-style=gnu -export-dynamic -dynamic-linker /lib/ld-linux-aarch64.so.1 -X -EL -maarch64linux --fix-cortex-a53-835769 --fix-cortex-a53-843419 -pie -o cmTC_a741f /usr/lib/gcc/aarch64-unknown-linux-gnu/10.2.0/../../../../lib/Scrt1.o /usr/lib/gcc/aarch64-unknown-linux-gnu/10.2.0/../../../../lib/crti.o /usr/lib/gcc/aarch64-unknown-linux-gnu/10.2.0/crtbeginS.o -L/usr/lib/gcc/aarch64-unknown-linux-gnu/10.2.0 -L/usr/lib/gcc/aarch64-unknown-linux-gnu/10.2.0/../../../../lib -L/lib/../lib -L/usr/lib/../lib -L/usr/lib/gcc/aarch64-unknown-linux-gnu/10.2.0/../../.. CMakeFiles/cmTC_a741f.dir/CMakeCCompilerABI.c.o -lgcc --push-state --as-needed -lgcc_s --pop-state -lc -lgcc --push-state --as-needed -lgcc_s --pop-state /usr/lib/gcc/aarch64-unknown-linux-gnu/10.2.0/crtendS.o /usr/lib/gcc/aarch64-unknown-linux-gnu/10.2.0/../../../../lib/crtn.o
COLLECT_GCC_OPTIONS='-v' '-rdynamic' '-o' 'cmTC_a741f' '-march=armv8-a' '-mlittle-endian' '-mabi=lp64'
make[1]: Leaving directory '/home/sylvain/Documents/Kompass/build/CMakeFiles/CMakeTmp'



Parsed C implicit include dir info from above output: rv=done
  found start of include info
  found start of implicit include info
    add: [/usr/lib/gcc/aarch64-unknown-linux-gnu/10.2.0/include]
    add: [/usr/local/include]
    add: [/usr/lib/gcc/aarch64-unknown-linux-gnu/10.2.0/include-fixed]
    add: [/usr/include]
  end of search list found
  collapse include dir [/usr/lib/gcc/aarch64-unknown-linux-gnu/10.2.0/include] ==> [/usr/lib/gcc/aarch64-unknown-linux-gnu/10.2.0/include]
  collapse include dir [/usr/local/include] ==> [/usr/local/include]
  collapse include dir [/usr/lib/gcc/aarch64-unknown-linux-gnu/10.2.0/include-fixed] ==> [/usr/lib/gcc/aarch64-unknown-linux-gnu/10.2.0/include-fixed]
  collapse include dir [/usr/include] ==> [/usr/include]
  implicit include dirs: [/usr/lib/gcc/aarch64-unknown-linux-gnu/10.2.0/include;/usr/local/include;/usr/lib/gcc/aarch64-unknown-linux-gnu/10.2.0/include-fixed;/usr/include]


Parsed C implicit link information from above output:
  link line regex: [^( *|.*[/\])(ld|CMAKE_LINK_STARTFILE-NOTFOUND|([^/\]+-)?ld|collect2)[^/\]*( |$)]
  ignore line: [Change Dir: /home/sylvain/Documents/Kompass/build/CMakeFiles/CMakeTmp]
  ignore line: []
  ignore line: [Run Build Command(s):/usr/bin/make -f Makefile cmTC_a741f/fast && /usr/bin/make  -f CMakeFiles/cmTC_a741f.dir/build.make CMakeFiles/cmTC_a741f.dir/build]
  ignore line: [make[1]: Entering directory '/home/sylvain/Documents/Kompass/build/CMakeFiles/CMakeTmp']
  ignore line: [Building C object CMakeFiles/cmTC_a741f.dir/CMakeCCompilerABI.c.o]
  ignore line: [/usr/bin/cc   -v -o CMakeFiles/cmTC_a741f.dir/CMakeCCompilerABI.c.o -c /usr/share/cmake-3.20/Modules/CMakeCCompilerABI.c]
  ignore line: [Using built-in specs.]
  ignore line: [COLLECT_GCC=/usr/bin/cc]
  ignore line: [Target: aarch64-unknown-linux-gnu]
  ignore line: [Configured with: /build/gcc/src/gcc/configure --prefix=/usr --libdir=/usr/lib --libexecdir=/usr/lib --mandir=/usr/share/man --infodir=/usr/share/info --with-bugurl=https://github.com/archlinuxarm/PKGBUILDs/issues --enable-languages=c c++ fortran go lto objc obj-c++ d --with-isl --with-linker-hash-style=gnu --with-system-zlib --enable-__cxa_atexit --enable-checking=release --enable-clocale=gnu --enable-default-pie --enable-default-ssp --enable-gnu-indirect-function --enable-gnu-unique-object --enable-install-libiberty --enable-linker-build-id --enable-lto --enable-plugin --enable-shared --enable-threads=posix --disable-libssp --disable-libstdcxx-pch --disable-libunwind-exceptions --disable-multilib --disable-werror --host=aarch64-unknown-linux-gnu --build=aarch64-unknown-linux-gnu --with-arch=armv8-a --enable-fix-cortex-a53-835769 --enable-fix-cortex-a53-843419 gdc_include_dir=/usr/include/dlang/gdc]
  ignore line: [Thread model: posix]
  ignore line: [Supported LTO compression algorithms: zlib zstd]
  ignore line: [gcc version 10.2.0 (GCC) ]
  ignore line: [COLLECT_GCC_OPTIONS='-v' '-o' 'CMakeFiles/cmTC_a741f.dir/CMakeCCompilerABI.c.o' '-c' '-march=armv8-a' '-mlittle-endian' '-mabi=lp64']
  ignore line: [ /usr/lib/gcc/aarch64-unknown-linux-gnu/10.2.0/cc1 -quiet -v /usr/share/cmake-3.20/Modules/CMakeCCompilerABI.c -quiet -dumpbase CMakeCCompilerABI.c -march=armv8-a -mlittle-endian -mabi=lp64 -auxbase-strip CMakeFiles/cmTC_a741f.dir/CMakeCCompilerABI.c.o -version -o /tmp/cckaGJZ5.s]
  ignore line: [GNU C17 (GCC) version 10.2.0 (aarch64-unknown-linux-gnu)]
  ignore line: [	compiled by GNU C version 10.2.0  GMP version 6.2.0  MPFR version 4.1.0  MPC version 1.1.0  isl version isl-0.21-GMP]
  ignore line: []
  ignore line: [warning: GMP header version 6.2.0 differs from library version 6.2.1.]
  ignore line: [warning: MPC header version 1.1.0 differs from library version 1.2.1.]
  ignore line: [GGC heuristics: --param ggc-min-expand=100 --param ggc-min-heapsize=131072]
  ignore line: [ignoring nonexistent directory "/usr/lib/gcc/aarch64-unknown-linux-gnu/10.2.0/../../../../aarch64-unknown-linux-gnu/include"]
  ignore line: [#include "..." search starts here:]
  ignore line: [#include <...> search starts here:]
  ignore line: [ /usr/lib/gcc/aarch64-unknown-linux-gnu/10.2.0/include]
  ignore line: [ /usr/local/include]
  ignore line: [ /usr/lib/gcc/aarch64-unknown-linux-gnu/10.2.0/include-fixed]
  ignore line: [ /usr/include]
  ignore line: [End of search list.]
  ignore line: [GNU C17 (GCC) version 10.2.0 (aarch64-unknown-linux-gnu)]
  ignore line: [	compiled by GNU C version 10.2.0  GMP version 6.2.0  MPFR version 4.1.0  MPC version 1.1.0  isl version isl-0.21-GMP]
  ignore line: []
  ignore line: [warning: GMP header version 6.2.0 differs from library version 6.2.1.]
  ignore line: [warning: MPC header version 1.1.0 differs from library version 1.2.1.]
  ignore line: [GGC heuristics: --param ggc-min-expand=100 --param ggc-min-heapsize=131072]
  ignore line: [Compiler executable checksum: 3b79235097644c6edcaa7cfc02b00d48]
  ignore line: [COLLECT_GCC_OPTIONS='-v' '-o' 'CMakeFiles/cmTC_a741f.dir/CMakeCCompilerABI.c.o' '-c' '-march=armv8-a' '-mlittle-endian' '-mabi=lp64']
  ignore line: [ as -v -EL -march=armv8-a -mabi=lp64 -o CMakeFiles/cmTC_a741f.dir/CMakeCCompilerABI.c.o /tmp/cckaGJZ5.s]
  ignore line: [GNU assembler version 2.35 (aarch64-unknown-linux-gnu) using BFD version (GNU Binutils) 2.35]
  ignore line: [COMPILER_PATH=/usr/lib/gcc/aarch64-unknown-linux-gnu/10.2.0/:/usr/lib/gcc/aarch64-unknown-linux-gnu/10.2.0/:/usr/lib/gcc/aarch64-unknown-linux-gnu/:/usr/lib/gcc/aarch64-unknown-linux-gnu/10.2.0/:/usr/lib/gcc/aarch64-unknown-linux-gnu/]
  ignore line: [LIBRARY_PATH=/usr/lib/gcc/aarch64-unknown-linux-gnu/10.2.0/:/usr/lib/gcc/aarch64-unknown-linux-gnu/10.2.0/../../../../lib/:/lib/../lib/:/usr/lib/../lib/:/usr/lib/gcc/aarch64-unknown-linux-gnu/10.2.0/../../../:/lib/:/usr/lib/]
  ignore line: [COLLECT_GCC_OPTIONS='-v' '-o' 'CMakeFiles/cmTC_a741f.dir/CMakeCCompilerABI.c.o' '-c' '-march=armv8-a' '-mlittle-endian' '-mabi=lp64']
  ignore line: [Linking C executable cmTC_a741f]
  ignore line: [/usr/bin/cmake -E cmake_link_script CMakeFiles/cmTC_a741f.dir/link.txt --verbose=1]
  ignore line: [/usr/bin/cc  -v -rdynamic CMakeFiles/cmTC_a741f.dir/CMakeCCompilerABI.c.o -o cmTC_a741f ]
  ignore line: [Using built-in specs.]
  ignore line: [COLLECT_GCC=/usr/bin/cc]
  ignore line: [COLLECT_LTO_WRAPPER=/usr/lib/gcc/aarch64-unknown-linux-gnu/10.2.0/lto-wrapper]
  ignore line: [Target: aarch64-unknown-linux-gnu]
  ignore line: [Configured with: /build/gcc/src/gcc/configure --prefix=/usr --libdir=/usr/lib --libexecdir=/usr/lib --mandir=/usr/share/man --infodir=/usr/share/info --with-bugurl=https://github.com/archlinuxarm/PKGBUILDs/issues --enable-languages=c c++ fortran go lto objc obj-c++ d --with-isl --with-linker-hash-style=gnu --with-system-zlib --enable-__cxa_atexit --enable-checking=release --enable-clocale=gnu --enable-default-pie --enable-default-ssp --enable-gnu-indirect-function --enable-gnu-unique-object --enable-install-libiberty --enable-linker-build-id --enable-lto --enable-plugin --enable-shared --enable-threads=posix --disable-libssp --disable-libstdcxx-pch --disable-libunwind-exceptions --disable-multilib --disable-werror --host=aarch64-unknown-linux-gnu --build=aarch64-unknown-linux-gnu --with-arch=armv8-a --enable-fix-cortex-a53-835769 --enable-fix-cortex-a53-843419 gdc_include_dir=/usr/include/dlang/gdc]
  ignore line: [Thread model: posix]
  ignore line: [Supported LTO compression algorithms: zlib zstd]
  ignore line: [gcc version 10.2.0 (GCC) ]
  ignore line: [COMPILER_PATH=/usr/lib/gcc/aarch64-unknown-linux-gnu/10.2.0/:/usr/lib/gcc/aarch64-unknown-linux-gnu/10.2.0/:/usr/lib/gcc/aarch64-unknown-linux-gnu/:/usr/lib/gcc/aarch64-unknown-linux-gnu/10.2.0/:/usr/lib/gcc/aarch64-unknown-linux-gnu/]
  ignore line: [LIBRARY_PATH=/usr/lib/gcc/aarch64-unknown-linux-gnu/10.2.0/:/usr/lib/gcc/aarch64-unknown-linux-gnu/10.2.0/../../../../lib/:/lib/../lib/:/usr/lib/../lib/:/usr/lib/gcc/aarch64-unknown-linux-gnu/10.2.0/../../../:/lib/:/usr/lib/]
  ignore line: [COLLECT_GCC_OPTIONS='-v' '-rdynamic' '-o' 'cmTC_a741f' '-march=armv8-a' '-mlittle-endian' '-mabi=lp64']
  link line: [ /usr/lib/gcc/aarch64-unknown-linux-gnu/10.2.0/collect2 -plugin /usr/lib/gcc/aarch64-unknown-linux-gnu/10.2.0/liblto_plugin.so -plugin-opt=/usr/lib/gcc/aarch64-unknown-linux-gnu/10.2.0/lto-wrapper -plugin-opt=-fresolution=/tmp/ccnnBXCw.res -plugin-opt=-pass-through=-lgcc -plugin-opt=-pass-through=-lgcc_s -plugin-opt=-pass-through=-lc -plugin-opt=-pass-through=-lgcc -plugin-opt=-pass-through=-lgcc_s --build-id --eh-frame-hdr --hash-style=gnu -export-dynamic -dynamic-linker /lib/ld-linux-aarch64.so.1 -X -EL -maarch64linux --fix-cortex-a53-835769 --fix-cortex-a53-843419 -pie -o cmTC_a741f /usr/lib/gcc/aarch64-unknown-linux-gnu/10.2.0/../../../../lib/Scrt1.o /usr/lib/gcc/aarch64-unknown-linux-gnu/10.2.0/../../../../lib/crti.o /usr/lib/gcc/aarch64-unknown-linux-gnu/10.2.0/crtbeginS.o -L/usr/lib/gcc/aarch64-unknown-linux-gnu/10.2.0 -L/usr/lib/gcc/aarch64-unknown-linux-gnu/10.2.0/../../../../lib -L/lib/../lib -L/usr/lib/../lib -L/usr/lib/gcc/aarch64-unknown-linux-gnu/10.2.0/../../.. CMakeFiles/cmTC_a741f.dir/CMakeCCompilerABI.c.o -lgcc --push-state --as-needed -lgcc_s --pop-state -lc -lgcc --push-state --as-needed -lgcc_s --pop-state /usr/lib/gcc/aarch64-unknown-linux-gnu/10.2.0/crtendS.o /usr/lib/gcc/aarch64-unknown-linux-gnu/10.2.0/../../../../lib/crtn.o]
    arg [/usr/lib/gcc/aarch64-unknown-linux-gnu/10.2.0/collect2] ==> ignore
    arg [-plugin] ==> ignore
    arg [/usr/lib/gcc/aarch64-unknown-linux-gnu/10.2.0/liblto_plugin.so] ==> ignore
    arg [-plugin-opt=/usr/lib/gcc/aarch64-unknown-linux-gnu/10.2.0/lto-wrapper] ==> ignore
    arg [-plugin-opt=-fresolution=/tmp/ccnnBXCw.res] ==> ignore
    arg [-plugin-opt=-pass-through=-lgcc] ==> ignore
    arg [-plugin-opt=-pass-through=-lgcc_s] ==> ignore
    arg [-plugin-opt=-pass-through=-lc] ==> ignore
    arg [-plugin-opt=-pass-through=-lgcc] ==> ignore
    arg [-plugin-opt=-pass-through=-lgcc_s] ==> ignore
    arg [--build-id] ==> ignore
    arg [--eh-frame-hdr] ==> ignore
    arg [--hash-style=gnu] ==> ignore
    arg [-export-dynamic] ==> ignore
    arg [-dynamic-linker] ==> ignore
    arg [/lib/ld-linux-aarch64.so.1] ==> ignore
    arg [-X] ==> ignore
    arg [-EL] ==> ignore
    arg [-maarch64linux] ==> ignore
    arg [--fix-cortex-a53-835769] ==> ignore
    arg [--fix-cortex-a53-843419] ==> ignore
    arg [-pie] ==> ignore
    arg [-o] ==> ignore
    arg [cmTC_a741f] ==> ignore
    arg [/usr/lib/gcc/aarch64-unknown-linux-gnu/10.2.0/../../../../lib/Scrt1.o] ==> obj [/usr/lib/gcc/aarch64-unknown-linux-gnu/10.2.0/../../../../lib/Scrt1.o]
    arg [/usr/lib/gcc/aarch64-unknown-linux-gnu/10.2.0/../../../../lib/crti.o] ==> obj [/usr/lib/gcc/aarch64-unknown-linux-gnu/10.2.0/../../../../lib/crti.o]
    arg [/usr/lib/gcc/aarch64-unknown-linux-gnu/10.2.0/crtbeginS.o] ==> obj [/usr/lib/gcc/aarch64-unknown-linux-gnu/10.2.0/crtbeginS.o]
    arg [-L/usr/lib/gcc/aarch64-unknown-linux-gnu/10.2.0] ==> dir [/usr/lib/gcc/aarch64-unknown-linux-gnu/10.2.0]
    arg [-L/usr/lib/gcc/aarch64-unknown-linux-gnu/10.2.0/../../../../lib] ==> dir [/usr/lib/gcc/aarch64-unknown-linux-gnu/10.2.0/../../../../lib]
    arg [-L/lib/../lib] ==> dir [/lib/../lib]
    arg [-L/usr/lib/../lib] ==> dir [/usr/lib/../lib]
    arg [-L/usr/lib/gcc/aarch64-unknown-linux-gnu/10.2.0/../../..] ==> dir [/usr/lib/gcc/aarch64-unknown-linux-gnu/10.2.0/../../..]
    arg [CMakeFiles/cmTC_a741f.dir/CMakeCCompilerABI.c.o] ==> ignore
    arg [-lgcc] ==> lib [gcc]
    arg [--push-state] ==> ignore
    arg [--as-needed] ==> ignore
    arg [-lgcc_s] ==> lib [gcc_s]
    arg [--pop-state] ==> ignore
    arg [-lc] ==> lib [c]
    arg [-lgcc] ==> lib [gcc]
    arg [--push-state] ==> ignore
    arg [--as-needed] ==> ignore
    arg [-lgcc_s] ==> lib [gcc_s]
    arg [--pop-state] ==> ignore
    arg [/usr/lib/gcc/aarch64-unknown-linux-gnu/10.2.0/crtendS.o] ==> obj [/usr/lib/gcc/aarch64-unknown-linux-gnu/10.2.0/crtendS.o]
    arg [/usr/lib/gcc/aarch64-unknown-linux-gnu/10.2.0/../../../../lib/crtn.o] ==> obj [/usr/lib/gcc/aarch64-unknown-linux-gnu/10.2.0/../../../../lib/crtn.o]
  collapse obj [/usr/lib/gcc/aarch64-unknown-linux-gnu/10.2.0/../../../../lib/Scrt1.o] ==> [/usr/lib/Scrt1.o]
  collapse obj [/usr/lib/gcc/aarch64-unknown-linux-gnu/10.2.0/../../../../lib/crti.o] ==> [/usr/lib/crti.o]
  collapse obj [/usr/lib/gcc/aarch64-unknown-linux-gnu/10.2.0/../../../../lib/crtn.o] ==> [/usr/lib/crtn.o]
  collapse library dir [/usr/lib/gcc/aarch64-unknown-linux-gnu/10.2.0] ==> [/usr/lib/gcc/aarch64-unknown-linux-gnu/10.2.0]
  collapse library dir [/usr/lib/gcc/aarch64-unknown-linux-gnu/10.2.0/../../../../lib] ==> [/usr/lib]
  collapse library dir [/lib/../lib] ==> [/lib]
  collapse library dir [/usr/lib/../lib] ==> [/usr/lib]
  collapse library dir [/usr/lib/gcc/aarch64-unknown-linux-gnu/10.2.0/../../..] ==> [/usr/lib]
  implicit libs: [gcc;gcc_s;c;gcc;gcc_s]
  implicit objs: [/usr/lib/Scrt1.o;/usr/lib/crti.o;/usr/lib/gcc/aarch64-unknown-linux-gnu/10.2.0/crtbeginS.o;/usr/lib/gcc/aarch64-unknown-linux-gnu/10.2.0/crtendS.o;/usr/lib/crtn.o]
  implicit dirs: [/usr/lib/gcc/aarch64-unknown-linux-gnu/10.2.0;/usr/lib;/lib]
  implicit fwks: []


Detecting CXX compiler ABI info compiled with the following output:
Change Dir: /home/sylvain/Documents/Kompass/build/CMakeFiles/CMakeTmp

Run Build Command(s):/usr/bin/make -f Makefile cmTC_63403/fast && /usr/bin/make  -f CMakeFiles/cmTC_63403.dir/build.make CMakeFiles/cmTC_63403.dir/build
make[1]: Entering directory '/home/sylvain/Documents/Kompass/build/CMakeFiles/CMakeTmp'
Building CXX object CMakeFiles/cmTC_63403.dir/CMakeCXXCompilerABI.cpp.o
/usr/bin/c++   -v -o CMakeFiles/cmTC_63403.dir/CMakeCXXCompilerABI.cpp.o -c /usr/share/cmake-3.20/Modules/CMakeCXXCompilerABI.cpp
Using built-in specs.
COLLECT_GCC=/usr/bin/c++
Target: aarch64-unknown-linux-gnu
Configured with: /build/gcc/src/gcc/configure --prefix=/usr --libdir=/usr/lib --libexecdir=/usr/lib --mandir=/usr/share/man --infodir=/usr/share/info --with-bugurl=https://github.com/archlinuxarm/PKGBUILDs/issues --enable-languages=c,c++,fortran,go,lto,objc,obj-c++,d --with-isl --with-linker-hash-style=gnu --with-system-zlib --enable-__cxa_atexit --enable-checking=release --enable-clocale=gnu --enable-default-pie --enable-default-ssp --enable-gnu-indirect-function --enable-gnu-unique-object --enable-install-libiberty --enable-linker-build-id --enable-lto --enable-plugin --enable-shared --enable-threads=posix --disable-libssp --disable-libstdcxx-pch --disable-libunwind-exceptions --disable-multilib --disable-werror --host=aarch64-unknown-linux-gnu --build=aarch64-unknown-linux-gnu --with-arch=armv8-a --enable-fix-cortex-a53-835769 --enable-fix-cortex-a53-843419 gdc_include_dir=/usr/include/dlang/gdc
Thread model: posix
Supported LTO compression algorithms: zlib zstd
gcc version 10.2.0 (GCC) 
COLLECT_GCC_OPTIONS='-v' '-o' 'CMakeFiles/cmTC_63403.dir/CMakeCXXCompilerABI.cpp.o' '-c' '-shared-libgcc' '-march=armv8-a' '-mlittle-endian' '-mabi=lp64'
 /usr/lib/gcc/aarch64-unknown-linux-gnu/10.2.0/cc1plus -quiet -v -D_GNU_SOURCE /usr/share/cmake-3.20/Modules/CMakeCXXCompilerABI.cpp -quiet -dumpbase CMakeCXXCompilerABI.cpp -march=armv8-a -mlittle-endian -mabi=lp64 -auxbase-strip CMakeFiles/cmTC_63403.dir/CMakeCXXCompilerABI.cpp.o -version -o /tmp/ccEtgWZa.s
GNU C++14 (GCC) version 10.2.0 (aarch64-unknown-linux-gnu)
	compiled by GNU C version 10.2.0, GMP version 6.2.0, MPFR version 4.1.0, MPC version 1.1.0, isl version isl-0.21-GMP

warning: GMP header version 6.2.0 differs from library version 6.2.1.
warning: MPC header version 1.1.0 differs from library version 1.2.1.
GGC heuristics: --param ggc-min-expand=100 --param ggc-min-heapsize=131072
ignoring nonexistent directory "/usr/lib/gcc/aarch64-unknown-linux-gnu/10.2.0/../../../../aarch64-unknown-linux-gnu/include"
#include "..." search starts here:
#include <...> search starts here:
 /usr/lib/gcc/aarch64-unknown-linux-gnu/10.2.0/../../../../include/c++/10.2.0
 /usr/lib/gcc/aarch64-unknown-linux-gnu/10.2.0/../../../../include/c++/10.2.0/aarch64-unknown-linux-gnu
 /usr/lib/gcc/aarch64-unknown-linux-gnu/10.2.0/../../../../include/c++/10.2.0/backward
 /usr/lib/gcc/aarch64-unknown-linux-gnu/10.2.0/include
 /usr/local/include
 /usr/lib/gcc/aarch64-unknown-linux-gnu/10.2.0/include-fixed
 /usr/include
End of search list.
GNU C++14 (GCC) version 10.2.0 (aarch64-unknown-linux-gnu)
	compiled by GNU C version 10.2.0, GMP version 6.2.0, MPFR version 4.1.0, MPC version 1.1.0, isl version isl-0.21-GMP

warning: GMP header version 6.2.0 differs from library version 6.2.1.
warning: MPC header version 1.1.0 differs from library version 1.2.1.
GGC heuristics: --param ggc-min-expand=100 --param ggc-min-heapsize=131072
Compiler executable checksum: 844e38e2a267f7119e76131ec925d2d6
COLLECT_GCC_OPTIONS='-v' '-o' 'CMakeFiles/cmTC_63403.dir/CMakeCXXCompilerABI.cpp.o' '-c' '-shared-libgcc' '-march=armv8-a' '-mlittle-endian' '-mabi=lp64'
 as -v -EL -march=armv8-a -mabi=lp64 -o CMakeFiles/cmTC_63403.dir/CMakeCXXCompilerABI.cpp.o /tmp/ccEtgWZa.s
GNU assembler version 2.35 (aarch64-unknown-linux-gnu) using BFD version (GNU Binutils) 2.35
COMPILER_PATH=/usr/lib/gcc/aarch64-unknown-linux-gnu/10.2.0/:/usr/lib/gcc/aarch64-unknown-linux-gnu/10.2.0/:/usr/lib/gcc/aarch64-unknown-linux-gnu/:/usr/lib/gcc/aarch64-unknown-linux-gnu/10.2.0/:/usr/lib/gcc/aarch64-unknown-linux-gnu/
LIBRARY_PATH=/usr/lib/gcc/aarch64-unknown-linux-gnu/10.2.0/:/usr/lib/gcc/aarch64-unknown-linux-gnu/10.2.0/../../../../lib/:/lib/../lib/:/usr/lib/../lib/:/usr/lib/gcc/aarch64-unknown-linux-gnu/10.2.0/../../../:/lib/:/usr/lib/
COLLECT_GCC_OPTIONS='-v' '-o' 'CMakeFiles/cmTC_63403.dir/CMakeCXXCompilerABI.cpp.o' '-c' '-shared-libgcc' '-march=armv8-a' '-mlittle-endian' '-mabi=lp64'
Linking CXX executable cmTC_63403
/usr/bin/cmake -E cmake_link_script CMakeFiles/cmTC_63403.dir/link.txt --verbose=1
/usr/bin/c++  -v -rdynamic CMakeFiles/cmTC_63403.dir/CMakeCXXCompilerABI.cpp.o -o cmTC_63403 
Using built-in specs.
COLLECT_GCC=/usr/bin/c++
COLLECT_LTO_WRAPPER=/usr/lib/gcc/aarch64-unknown-linux-gnu/10.2.0/lto-wrapper
Target: aarch64-unknown-linux-gnu
Configured with: /build/gcc/src/gcc/configure --prefix=/usr --libdir=/usr/lib --libexecdir=/usr/lib --mandir=/usr/share/man --infodir=/usr/share/info --with-bugurl=https://github.com/archlinuxarm/PKGBUILDs/issues --enable-languages=c,c++,fortran,go,lto,objc,obj-c++,d --with-isl --with-linker-hash-style=gnu --with-system-zlib --enable-__cxa_atexit --enable-checking=release --enable-clocale=gnu --enable-default-pie --enable-default-ssp --enable-gnu-indirect-function --enable-gnu-unique-object --enable-install-libiberty --enable-linker-build-id --enable-lto --enable-plugin --enable-shared --enable-threads=posix --disable-libssp --disable-libstdcxx-pch --disable-libunwind-exceptions --disable-multilib --disable-werror --host=aarch64-unknown-linux-gnu --build=aarch64-unknown-linux-gnu --with-arch=armv8-a --enable-fix-cortex-a53-835769 --enable-fix-cortex-a53-843419 gdc_include_dir=/usr/include/dlang/gdc
Thread model: posix
Supported LTO compression algorithms: zlib zstd
gcc version 10.2.0 (GCC) 
COMPILER_PATH=/usr/lib/gcc/aarch64-unknown-linux-gnu/10.2.0/:/usr/lib/gcc/aarch64-unknown-linux-gnu/10.2.0/:/usr/lib/gcc/aarch64-unknown-linux-gnu/:/usr/lib/gcc/aarch64-unknown-linux-gnu/10.2.0/:/usr/lib/gcc/aarch64-unknown-linux-gnu/
LIBRARY_PATH=/usr/lib/gcc/aarch64-unknown-linux-gnu/10.2.0/:/usr/lib/gcc/aarch64-unknown-linux-gnu/10.2.0/../../../../lib/:/lib/../lib/:/usr/lib/../lib/:/usr/lib/gcc/aarch64-unknown-linux-gnu/10.2.0/../../../:/lib/:/usr/lib/
COLLECT_GCC_OPTIONS='-v' '-rdynamic' '-o' 'cmTC_63403' '-shared-libgcc' '-march=armv8-a' '-mlittle-endian' '-mabi=lp64'
 /usr/lib/gcc/aarch64-unknown-linux-gnu/10.2.0/collect2 -plugin /usr/lib/gcc/aarch64-unknown-linux-gnu/10.2.0/liblto_plugin.so -plugin-opt=/usr/lib/gcc/aarch64-unknown-linux-gnu/10.2.0/lto-wrapper -plugin-opt=-fresolution=/tmp/cc7uGpfA.res -plugin-opt=-pass-through=-lgcc_s -plugin-opt=-pass-through=-lgcc -plugin-opt=-pass-through=-lc -plugin-opt=-pass-through=-lgcc_s -plugin-opt=-pass-through=-lgcc --build-id --eh-frame-hdr --hash-style=gnu -export-dynamic -dynamic-linker /lib/ld-linux-aarch64.so.1 -X -EL -maarch64linux --fix-cortex-a53-835769 --fix-cortex-a53-843419 -pie -o cmTC_63403 /usr/lib/gcc/aarch64-unknown-linux-gnu/10.2.0/../../../../lib/Scrt1.o /usr/lib/gcc/aarch64-unknown-linux-gnu/10.2.0/../../../../lib/crti.o /usr/lib/gcc/aarch64-unknown-linux-gnu/10.2.0/crtbeginS.o -L/usr/lib/gcc/aarch64-unknown-linux-gnu/10.2.0 -L/usr/lib/gcc/aarch64-unknown-linux-gnu/10.2.0/../../../../lib -L/lib/../lib -L/usr/lib/../lib -L/usr/lib/gcc/aarch64-unknown-linux-gnu/10.2.0/../../.. CMakeFiles/cmTC_63403.dir/CMakeCXXCompilerABI.cpp.o -lstdc++ -lm -lgcc_s -lgcc -lc -lgcc_s -lgcc /usr/lib/gcc/aarch64-unknown-linux-gnu/10.2.0/crtendS.o /usr/lib/gcc/aarch64-unknown-linux-gnu/10.2.0/../../../../lib/crtn.o
COLLECT_GCC_OPTIONS='-v' '-rdynamic' '-o' 'cmTC_63403' '-shared-libgcc' '-march=armv8-a' '-mlittle-endian' '-mabi=lp64'
make[1]: Leaving directory '/home/sylvain/Documents/Kompass/build/CMakeFiles/CMakeTmp'



Parsed CXX implicit include dir info from above output: rv=done
  found start of include info
  found start of implicit include info
    add: [/usr/lib/gcc/aarch64-unknown-linux-gnu/10.2.0/../../../../include/c++/10.2.0]
    add: [/usr/lib/gcc/aarch64-unknown-linux-gnu/10.2.0/../../../../include/c++/10.2.0/aarch64-unknown-linux-gnu]
    add: [/usr/lib/gcc/aarch64-unknown-linux-gnu/10.2.0/../../../../include/c++/10.2.0/backward]
    add: [/usr/lib/gcc/aarch64-unknown-linux-gnu/10.2.0/include]
    add: [/usr/local/include]
    add: [/usr/lib/gcc/aarch64-unknown-linux-gnu/10.2.0/include-fixed]
    add: [/usr/include]
  end of search list found
  collapse include dir [/usr/lib/gcc/aarch64-unknown-linux-gnu/10.2.0/../../../../include/c++/10.2.0] ==> [/usr/include/c++/10.2.0]
  collapse include dir [/usr/lib/gcc/aarch64-unknown-linux-gnu/10.2.0/../../../../include/c++/10.2.0/aarch64-unknown-linux-gnu] ==> [/usr/include/c++/10.2.0/aarch64-unknown-linux-gnu]
  collapse include dir [/usr/lib/gcc/aarch64-unknown-linux-gnu/10.2.0/../../../../include/c++/10.2.0/backward] ==> [/usr/include/c++/10.2.0/backward]
  collapse include dir [/usr/lib/gcc/aarch64-unknown-linux-gnu/10.2.0/include] ==> [/usr/lib/gcc/aarch64-unknown-linux-gnu/10.2.0/include]
  collapse include dir [/usr/local/include] ==> [/usr/local/include]
  collapse include dir [/usr/lib/gcc/aarch64-unknown-linux-gnu/10.2.0/include-fixed] ==> [/usr/lib/gcc/aarch64-unknown-linux-gnu/10.2.0/include-fixed]
  collapse include dir [/usr/include] ==> [/usr/include]
  implicit include dirs: [/usr/include/c++/10.2.0;/usr/include/c++/10.2.0/aarch64-unknown-linux-gnu;/usr/include/c++/10.2.0/backward;/usr/lib/gcc/aarch64-unknown-linux-gnu/10.2.0/include;/usr/local/include;/usr/lib/gcc/aarch64-unknown-linux-gnu/10.2.0/include-fixed;/usr/include]


Parsed CXX implicit link information from above output:
  link line regex: [^( *|.*[/\])(ld|CMAKE_LINK_STARTFILE-NOTFOUND|([^/\]+-)?ld|collect2)[^/\]*( |$)]
  ignore line: [Change Dir: /home/sylvain/Documents/Kompass/build/CMakeFiles/CMakeTmp]
  ignore line: []
  ignore line: [Run Build Command(s):/usr/bin/make -f Makefile cmTC_63403/fast && /usr/bin/make  -f CMakeFiles/cmTC_63403.dir/build.make CMakeFiles/cmTC_63403.dir/build]
  ignore line: [make[1]: Entering directory '/home/sylvain/Documents/Kompass/build/CMakeFiles/CMakeTmp']
  ignore line: [Building CXX object CMakeFiles/cmTC_63403.dir/CMakeCXXCompilerABI.cpp.o]
  ignore line: [/usr/bin/c++   -v -o CMakeFiles/cmTC_63403.dir/CMakeCXXCompilerABI.cpp.o -c /usr/share/cmake-3.20/Modules/CMakeCXXCompilerABI.cpp]
  ignore line: [Using built-in specs.]
  ignore line: [COLLECT_GCC=/usr/bin/c++]
  ignore line: [Target: aarch64-unknown-linux-gnu]
  ignore line: [Configured with: /build/gcc/src/gcc/configure --prefix=/usr --libdir=/usr/lib --libexecdir=/usr/lib --mandir=/usr/share/man --infodir=/usr/share/info --with-bugurl=https://github.com/archlinuxarm/PKGBUILDs/issues --enable-languages=c c++ fortran go lto objc obj-c++ d --with-isl --with-linker-hash-style=gnu --with-system-zlib --enable-__cxa_atexit --enable-checking=release --enable-clocale=gnu --enable-default-pie --enable-default-ssp --enable-gnu-indirect-function --enable-gnu-unique-object --enable-install-libiberty --enable-linker-build-id --enable-lto --enable-plugin --enable-shared --enable-threads=posix --disable-libssp --disable-libstdcxx-pch --disable-libunwind-exceptions --disable-multilib --disable-werror --host=aarch64-unknown-linux-gnu --build=aarch64-unknown-linux-gnu --with-arch=armv8-a --enable-fix-cortex-a53-835769 --enable-fix-cortex-a53-843419 gdc_include_dir=/usr/include/dlang/gdc]
  ignore line: [Thread model: posix]
  ignore line: [Supported LTO compression algorithms: zlib zstd]
  ignore line: [gcc version 10.2.0 (GCC) ]
  ignore line: [COLLECT_GCC_OPTIONS='-v' '-o' 'CMakeFiles/cmTC_63403.dir/CMakeCXXCompilerABI.cpp.o' '-c' '-shared-libgcc' '-march=armv8-a' '-mlittle-endian' '-mabi=lp64']
  ignore line: [ /usr/lib/gcc/aarch64-unknown-linux-gnu/10.2.0/cc1plus -quiet -v -D_GNU_SOURCE /usr/share/cmake-3.20/Modules/CMakeCXXCompilerABI.cpp -quiet -dumpbase CMakeCXXCompilerABI.cpp -march=armv8-a -mlittle-endian -mabi=lp64 -auxbase-strip CMakeFiles/cmTC_63403.dir/CMakeCXXCompilerABI.cpp.o -version -o /tmp/ccEtgWZa.s]
  ignore line: [GNU C++14 (GCC) version 10.2.0 (aarch64-unknown-linux-gnu)]
  ignore line: [	compiled by GNU C version 10.2.0  GMP version 6.2.0  MPFR version 4.1.0  MPC version 1.1.0  isl version isl-0.21-GMP]
  ignore line: []
  ignore line: [warning: GMP header version 6.2.0 differs from library version 6.2.1.]
  ignore line: [warning: MPC header version 1.1.0 differs from library version 1.2.1.]
  ignore line: [GGC heuristics: --param ggc-min-expand=100 --param ggc-min-heapsize=131072]
  ignore line: [ignoring nonexistent directory "/usr/lib/gcc/aarch64-unknown-linux-gnu/10.2.0/../../../../aarch64-unknown-linux-gnu/include"]
  ignore line: [#include "..." search starts here:]
  ignore line: [#include <...> search starts here:]
  ignore line: [ /usr/lib/gcc/aarch64-unknown-linux-gnu/10.2.0/../../../../include/c++/10.2.0]
  ignore line: [ /usr/lib/gcc/aarch64-unknown-linux-gnu/10.2.0/../../../../include/c++/10.2.0/aarch64-unknown-linux-gnu]
  ignore line: [ /usr/lib/gcc/aarch64-unknown-linux-gnu/10.2.0/../../../../include/c++/10.2.0/backward]
  ignore line: [ /usr/lib/gcc/aarch64-unknown-linux-gnu/10.2.0/include]
  ignore line: [ /usr/local/include]
  ignore line: [ /usr/lib/gcc/aarch64-unknown-linux-gnu/10.2.0/include-fixed]
  ignore line: [ /usr/include]
  ignore line: [End of search list.]
  ignore line: [GNU C++14 (GCC) version 10.2.0 (aarch64-unknown-linux-gnu)]
  ignore line: [	compiled by GNU C version 10.2.0  GMP version 6.2.0  MPFR version 4.1.0  MPC version 1.1.0  isl version isl-0.21-GMP]
  ignore line: []
  ignore line: [warning: GMP header version 6.2.0 differs from library version 6.2.1.]
  ignore line: [warning: MPC header version 1.1.0 differs from library version 1.2.1.]
  ignore line: [GGC heuristics: --param ggc-min-expand=100 --param ggc-min-heapsize=131072]
  ignore line: [Compiler executable checksum: 844e38e2a267f7119e76131ec925d2d6]
  ignore line: [COLLECT_GCC_OPTIONS='-v' '-o' 'CMakeFiles/cmTC_63403.dir/CMakeCXXCompilerABI.cpp.o' '-c' '-shared-libgcc' '-march=armv8-a' '-mlittle-endian' '-mabi=lp64']
  ignore line: [ as -v -EL -march=armv8-a -mabi=lp64 -o CMakeFiles/cmTC_63403.dir/CMakeCXXCompilerABI.cpp.o /tmp/ccEtgWZa.s]
  ignore line: [GNU assembler version 2.35 (aarch64-unknown-linux-gnu) using BFD version (GNU Binutils) 2.35]
  ignore line: [COMPILER_PATH=/usr/lib/gcc/aarch64-unknown-linux-gnu/10.2.0/:/usr/lib/gcc/aarch64-unknown-linux-gnu/10.2.0/:/usr/lib/gcc/aarch64-unknown-linux-gnu/:/usr/lib/gcc/aarch64-unknown-linux-gnu/10.2.0/:/usr/lib/gcc/aarch64-unknown-linux-gnu/]
  ignore line: [LIBRARY_PATH=/usr/lib/gcc/aarch64-unknown-linux-gnu/10.2.0/:/usr/lib/gcc/aarch64-unknown-linux-gnu/10.2.0/../../../../lib/:/lib/../lib/:/usr/lib/../lib/:/usr/lib/gcc/aarch64-unknown-linux-gnu/10.2.0/../../../:/lib/:/usr/lib/]
  ignore line: [COLLECT_GCC_OPTIONS='-v' '-o' 'CMakeFiles/cmTC_63403.dir/CMakeCXXCompilerABI.cpp.o' '-c' '-shared-libgcc' '-march=armv8-a' '-mlittle-endian' '-mabi=lp64']
  ignore line: [Linking CXX executable cmTC_63403]
  ignore line: [/usr/bin/cmake -E cmake_link_script CMakeFiles/cmTC_63403.dir/link.txt --verbose=1]
  ignore line: [/usr/bin/c++  -v -rdynamic CMakeFiles/cmTC_63403.dir/CMakeCXXCompilerABI.cpp.o -o cmTC_63403 ]
  ignore line: [Using built-in specs.]
  ignore line: [COLLECT_GCC=/usr/bin/c++]
  ignore line: [COLLECT_LTO_WRAPPER=/usr/lib/gcc/aarch64-unknown-linux-gnu/10.2.0/lto-wrapper]
  ignore line: [Target: aarch64-unknown-linux-gnu]
  ignore line: [Configured with: /build/gcc/src/gcc/configure --prefix=/usr --libdir=/usr/lib --libexecdir=/usr/lib --mandir=/usr/share/man --infodir=/usr/share/info --with-bugurl=https://github.com/archlinuxarm/PKGBUILDs/issues --enable-languages=c c++ fortran go lto objc obj-c++ d --with-isl --with-linker-hash-style=gnu --with-system-zlib --enable-__cxa_atexit --enable-checking=release --enable-clocale=gnu --enable-default-pie --enable-default-ssp --enable-gnu-indirect-function --enable-gnu-unique-object --enable-install-libiberty --enable-linker-build-id --enable-lto --enable-plugin --enable-shared --enable-threads=posix --disable-libssp --disable-libstdcxx-pch --disable-libunwind-exceptions --disable-multilib --disable-werror --host=aarch64-unknown-linux-gnu --build=aarch64-unknown-linux-gnu --with-arch=armv8-a --enable-fix-cortex-a53-835769 --enable-fix-cortex-a53-843419 gdc_include_dir=/usr/include/dlang/gdc]
  ignore line: [Thread model: posix]
  ignore line: [Supported LTO compression algorithms: zlib zstd]
  ignore line: [gcc version 10.2.0 (GCC) ]
  ignore line: [COMPILER_PATH=/usr/lib/gcc/aarch64-unknown-linux-gnu/10.2.0/:/usr/lib/gcc/aarch64-unknown-linux-gnu/10.2.0/:/usr/lib/gcc/aarch64-unknown-linux-gnu/:/usr/lib/gcc/aarch64-unknown-linux-gnu/10.2.0/:/usr/lib/gcc/aarch64-unknown-linux-gnu/]
  ignore line: [LIBRARY_PATH=/usr/lib/gcc/aarch64-unknown-linux-gnu/10.2.0/:/usr/lib/gcc/aarch64-unknown-linux-gnu/10.2.0/../../../../lib/:/lib/../lib/:/usr/lib/../lib/:/usr/lib/gcc/aarch64-unknown-linux-gnu/10.2.0/../../../:/lib/:/usr/lib/]
  ignore line: [COLLECT_GCC_OPTIONS='-v' '-rdynamic' '-o' 'cmTC_63403' '-shared-libgcc' '-march=armv8-a' '-mlittle-endian' '-mabi=lp64']
  link line: [ /usr/lib/gcc/aarch64-unknown-linux-gnu/10.2.0/collect2 -plugin /usr/lib/gcc/aarch64-unknown-linux-gnu/10.2.0/liblto_plugin.so -plugin-opt=/usr/lib/gcc/aarch64-unknown-linux-gnu/10.2.0/lto-wrapper -plugin-opt=-fresolution=/tmp/cc7uGpfA.res -plugin-opt=-pass-through=-lgcc_s -plugin-opt=-pass-through=-lgcc -plugin-opt=-pass-through=-lc -plugin-opt=-pass-through=-lgcc_s -plugin-opt=-pass-through=-lgcc --build-id --eh-frame-hdr --hash-style=gnu -export-dynamic -dynamic-linker /lib/ld-linux-aarch64.so.1 -X -EL -maarch64linux --fix-cortex-a53-835769 --fix-cortex-a53-843419 -pie -o cmTC_63403 /usr/lib/gcc/aarch64-unknown-linux-gnu/10.2.0/../../../../lib/Scrt1.o /usr/lib/gcc/aarch64-unknown-linux-gnu/10.2.0/../../../../lib/crti.o /usr/lib/gcc/aarch64-unknown-linux-gnu/10.2.0/crtbeginS.o -L/usr/lib/gcc/aarch64-unknown-linux-gnu/10.2.0 -L/usr/lib/gcc/aarch64-unknown-linux-gnu/10.2.0/../../../../lib -L/lib/../lib -L/usr/lib/../lib -L/usr/lib/gcc/aarch64-unknown-linux-gnu/10.2.0/../../.. CMakeFiles/cmTC_63403.dir/CMakeCXXCompilerABI.cpp.o -lstdc++ -lm -lgcc_s -lgcc -lc -lgcc_s -lgcc /usr/lib/gcc/aarch64-unknown-linux-gnu/10.2.0/crtendS.o /usr/lib/gcc/aarch64-unknown-linux-gnu/10.2.0/../../../../lib/crtn.o]
    arg [/usr/lib/gcc/aarch64-unknown-linux-gnu/10.2.0/collect2] ==> ignore
    arg [-plugin] ==> ignore
    arg [/usr/lib/gcc/aarch64-unknown-linux-gnu/10.2.0/liblto_plugin.so] ==> ignore
    arg [-plugin-opt=/usr/lib/gcc/aarch64-unknown-linux-gnu/10.2.0/lto-wrapper] ==> ignore
    arg [-plugin-opt=-fresolution=/tmp/cc7uGpfA.res] ==> ignore
    arg [-plugin-opt=-pass-through=-lgcc_s] ==> ignore
    arg [-plugin-opt=-pass-through=-lgcc] ==> ignore
    arg [-plugin-opt=-pass-through=-lc] ==> ignore
    arg [-plugin-opt=-pass-through=-lgcc_s] ==> ignore
    arg [-plugin-opt=-pass-through=-lgcc] ==> ignore
    arg [--build-id] ==> ignore
    arg [--eh-frame-hdr] ==> ignore
    arg [--hash-style=gnu] ==> ignore
    arg [-export-dynamic] ==> ignore
    arg [-dynamic-linker] ==> ignore
    arg [/lib/ld-linux-aarch64.so.1] ==> ignore
    arg [-X] ==> ignore
    arg [-EL] ==> ignore
    arg [-maarch64linux] ==> ignore
    arg [--fix-cortex-a53-835769] ==> ignore
    arg [--fix-cortex-a53-843419] ==> ignore
    arg [-pie] ==> ignore
    arg [-o] ==> ignore
    arg [cmTC_63403] ==> ignore
    arg [/usr/lib/gcc/aarch64-unknown-linux-gnu/10.2.0/../../../../lib/Scrt1.o] ==> obj [/usr/lib/gcc/aarch64-unknown-linux-gnu/10.2.0/../../../../lib/Scrt1.o]
    arg [/usr/lib/gcc/aarch64-unknown-linux-gnu/10.2.0/../../../../lib/crti.o] ==> obj [/usr/lib/gcc/aarch64-unknown-linux-gnu/10.2.0/../../../../lib/crti.o]
    arg [/usr/lib/gcc/aarch64-unknown-linux-gnu/10.2.0/crtbeginS.o] ==> obj [/usr/lib/gcc/aarch64-unknown-linux-gnu/10.2.0/crtbeginS.o]
    arg [-L/usr/lib/gcc/aarch64-unknown-linux-gnu/10.2.0] ==> dir [/usr/lib/gcc/aarch64-unknown-linux-gnu/10.2.0]
    arg [-L/usr/lib/gcc/aarch64-unknown-linux-gnu/10.2.0/../../../../lib] ==> dir [/usr/lib/gcc/aarch64-unknown-linux-gnu/10.2.0/../../../../lib]
    arg [-L/lib/../lib] ==> dir [/lib/../lib]
    arg [-L/usr/lib/../lib] ==> dir [/usr/lib/../lib]
    arg [-L/usr/lib/gcc/aarch64-unknown-linux-gnu/10.2.0/../../..] ==> dir [/usr/lib/gcc/aarch64-unknown-linux-gnu/10.2.0/../../..]
    arg [CMakeFiles/cmTC_63403.dir/CMakeCXXCompilerABI.cpp.o] ==> ignore
    arg [-lstdc++] ==> lib [stdc++]
    arg [-lm] ==> lib [m]
    arg [-lgcc_s] ==> lib [gcc_s]
    arg [-lgcc] ==> lib [gcc]
    arg [-lc] ==> lib [c]
    arg [-lgcc_s] ==> lib [gcc_s]
    arg [-lgcc] ==> lib [gcc]
    arg [/usr/lib/gcc/aarch64-unknown-linux-gnu/10.2.0/crtendS.o] ==> obj [/usr/lib/gcc/aarch64-unknown-linux-gnu/10.2.0/crtendS.o]
    arg [/usr/lib/gcc/aarch64-unknown-linux-gnu/10.2.0/../../../../lib/crtn.o] ==> obj [/usr/lib/gcc/aarch64-unknown-linux-gnu/10.2.0/../../../../lib/crtn.o]
  collapse obj [/usr/lib/gcc/aarch64-unknown-linux-gnu/10.2.0/../../../../lib/Scrt1.o] ==> [/usr/lib/Scrt1.o]
  collapse obj [/usr/lib/gcc/aarch64-unknown-linux-gnu/10.2.0/../../../../lib/crti.o] ==> [/usr/lib/crti.o]
  collapse obj [/usr/lib/gcc/aarch64-unknown-linux-gnu/10.2.0/../../../../lib/crtn.o] ==> [/usr/lib/crtn.o]
  collapse library dir [/usr/lib/gcc/aarch64-unknown-linux-gnu/10.2.0] ==> [/usr/lib/gcc/aarch64-unknown-linux-gnu/10.2.0]
  collapse library dir [/usr/lib/gcc/aarch64-unknown-linux-gnu/10.2.0/../../../../lib] ==> [/usr/lib]
  collapse library dir [/lib/../lib] ==> [/lib]
  collapse library dir [/usr/lib/../lib] ==> [/usr/lib]
  collapse library dir [/usr/lib/gcc/aarch64-unknown-linux-gnu/10.2.0/../../..] ==> [/usr/lib]
  implicit libs: [stdc++;m;gcc_s;gcc;c;gcc_s;gcc]
  implicit objs: [/usr/lib/Scrt1.o;/usr/lib/crti.o;/usr/lib/gcc/aarch64-unknown-linux-gnu/10.2.0/crtbeginS.o;/usr/lib/gcc/aarch64-unknown-linux-gnu/10.2.0/crtendS.o;/usr/lib/crtn.o]
  implicit dirs: [/usr/lib/gcc/aarch64-unknown-linux-gnu/10.2.0;/usr/lib;/lib]
  implicit fwks: []


Determining if the __GLIBC__ exist passed with the following output:
Change Dir: /home/sylvain/Documents/Kompass/build/CMakeFiles/CMakeTmp

Run Build Command(s):/usr/bin/make -f Makefile cmTC_decdb/fast && /usr/bin/make  -f CMakeFiles/cmTC_decdb.dir/build.make CMakeFiles/cmTC_decdb.dir/build
make[1]: Entering directory '/home/sylvain/Documents/Kompass/build/CMakeFiles/CMakeTmp'
Building C object CMakeFiles/cmTC_decdb.dir/CheckSymbolExists.c.o
/usr/bin/cc    -o CMakeFiles/cmTC_decdb.dir/CheckSymbolExists.c.o -c /home/sylvain/Documents/Kompass/build/CMakeFiles/CMakeTmp/CheckSymbolExists.c
Linking C executable cmTC_decdb
/usr/bin/cmake -E cmake_link_script CMakeFiles/cmTC_decdb.dir/link.txt --verbose=1
/usr/bin/cc -rdynamic CMakeFiles/cmTC_decdb.dir/CheckSymbolExists.c.o -o cmTC_decdb 
make[1]: Leaving directory '/home/sylvain/Documents/Kompass/build/CMakeFiles/CMakeTmp'


File /home/sylvain/Documents/Kompass/build/CMakeFiles/CMakeTmp/CheckSymbolExists.c:
/* */
#include <stdlib.h>

int main(int argc, char** argv)
{
  (void)argv;
#ifndef __GLIBC__
  return ((int*)(&__GLIBC__))[argc];
#else
  (void)argc;
  return 0;
#endif
}
Performing C++ SOURCE FILE Test _OFFT_IS_64BIT succeeded with the following output:
Change Dir: /home/sylvain/Documents/Kompass/build/CMakeFiles/CMakeTmp

Run Build Command(s):/usr/bin/make -f Makefile cmTC_30dd5/fast && /usr/bin/make  -f CMakeFiles/cmTC_30dd5.dir/build.make CMakeFiles/cmTC_30dd5.dir/build
make[1]: Entering directory '/home/sylvain/Documents/Kompass/build/CMakeFiles/CMakeTmp'
Building CXX object CMakeFiles/cmTC_30dd5.dir/src.cxx.o
/usr/bin/c++ -D_GNU_SOURCE -D_LARGEFILE64_SOURCE -D_OFFT_IS_64BIT   -o CMakeFiles/cmTC_30dd5.dir/src.cxx.o -c /home/sylvain/Documents/Kompass/build/CMakeFiles/CMakeTmp/src.cxx
Linking CXX executable cmTC_30dd5
/usr/bin/cmake -E cmake_link_script CMakeFiles/cmTC_30dd5.dir/link.txt --verbose=1
/usr/bin/c++ -rdynamic CMakeFiles/cmTC_30dd5.dir/src.cxx.o -o cmTC_30dd5 
make[1]: Leaving directory '/home/sylvain/Documents/Kompass/build/CMakeFiles/CMakeTmp'


Source file was:

#include <sys/types.h>
 /* Check that off_t can represent 2**63 - 1 correctly.
    We can't simply define LARGE_OFF_T to be 9223372036854775807,
    since some C++ compilers masquerading as C compilers
    incorrectly reject 9223372036854775807.  */
#define LARGE_OFF_T (((off_t) 1 << 62) - 1 + ((off_t) 1 << 62))
  int off_t_is_large[(LARGE_OFF_T % 2147483629 == 721 && LARGE_OFF_T % 2147483647 == 1) ? 1 : -1];
  int main() { return 0; }

Performing C++ SOURCE FILE Test HAVE_DATE_TIME succeeded with the following output:
Change Dir: /home/sylvain/Documents/Kompass/build/CMakeFiles/CMakeTmp

Run Build Command(s):/usr/bin/make -f Makefile cmTC_7886d/fast && /usr/bin/make  -f CMakeFiles/cmTC_7886d.dir/build.make CMakeFiles/cmTC_7886d.dir/build
make[1]: Entering directory '/home/sylvain/Documents/Kompass/build/CMakeFiles/CMakeTmp'
Building CXX object CMakeFiles/cmTC_7886d.dir/src.cxx.o
/usr/bin/c++ -DHAVE_DATE_TIME  -fno-operator-names -fno-exceptions -Wall -Wextra -Wcast-align -Wchar-subscripts -Wformat-security -Wno-long-long -Wpointer-arith -Wundef -Wnon-virtual-dtor -Woverloaded-virtual -Werror=return-type -Wvla    -Wdate-time -o CMakeFiles/cmTC_7886d.dir/src.cxx.o -c /home/sylvain/Documents/Kompass/build/CMakeFiles/CMakeTmp/src.cxx
Linking CXX executable cmTC_7886d
/usr/bin/cmake -E cmake_link_script CMakeFiles/cmTC_7886d.dir/link.txt --verbose=1
/usr/bin/c++  -fno-operator-names -fno-exceptions -Wall -Wextra -Wcast-align -Wchar-subscripts -Wformat-security -Wno-long-long -Wpointer-arith -Wundef -Wnon-virtual-dtor -Woverloaded-virtual -Werror=return-type -Wvla  -rdynamic CMakeFiles/cmTC_7886d.dir/src.cxx.o -o cmTC_7886d 
make[1]: Leaving directory '/home/sylvain/Documents/Kompass/build/CMakeFiles/CMakeTmp'


Source file was:
int main() { return 0; }
